# JRE version: Java(TM) SE Runtime Environment (8.0_181-b13) (build 1.8.0_181-b13)
# Java VM: Java HotSpot(TM) 64-Bit Server VM (25.181-b13 mixed mode windows-amd64 compressed oops)
Heap:
 PSYoungGen      total 629760K, used 454466K [0x00000000d6200000, 0x00000000ffe80000, 0x0000000100000000)
  eden space 573440K, 75% used [0x00000000d6200000,0x00000000f0636108,0x00000000f9200000)
  from space 56320K, 42% used [0x00000000f9200000,0x00000000fa99a710,0x00000000fc900000)
  to   space 53248K, 0% used [0x00000000fca80000,0x00000000fca80000,0x00000000ffe80000)
 ParOldGen       total 260608K, used 160611K [0x0000000082600000, 0x0000000092480000, 0x00000000d6200000)
  object space 260608K, 61% used [0x0000000082600000,0x000000008c2d8c08,0x0000000092480000)
 Metaspace       used 132403K, capacity 135066K, committed 135256K, reserved 1171456K
  class space    used 11830K, capacity 12378K, committed 12416K, reserved 1048576K
GC Heap History (10 events):
Event: 36.606 GC heap before
{Heap before GC invocations=38 (full 4):
 PSYoungGen      total 599552K, used 569695K [0x00000000d6200000, 0x0000000100000000, 0x0000000100000000)
  eden space 549888K, 100% used [0x00000000d6200000,0x00000000f7b00000,0x00000000f7b00000)
  from space 49664K, 39% used [0x00000000f7b00000,0x00000000f8e57e38,0x00000000fab80000)
  to   space 46592K, 0% used [0x00000000fd280000,0x00000000fd280000,0x0000000100000000)
 ParOldGen       total 187904K, used 128005K [0x0000000082600000, 0x000000008dd80000, 0x00000000d6200000)
  object space 187904K, 68% used [0x0000000082600000,0x000000008a301508,0x000000008dd80000)
 Metaspace       used 81340K, capacity 82706K, committed 82904K, reserved 1124352K
  class space    used 7767K, capacity 8066K, committed 8192K, reserved 1048576K
Event: 36.623 GC heap after
Heap after GC invocations=38 (full 4):
 PSYoungGen      total 635392K, used 29936K [0x00000000d6200000, 0x00000000fff00000, 0x0000000100000000)
  eden space 589824K, 0% used [0x00000000d6200000,0x00000000d6200000,0x00000000fa200000)
  from space 45568K, 65% used [0x00000000fd280000,0x00000000fefbc2c0,0x00000000fff00000)
  to   space 47616K, 0% used [0x00000000fa200000,0x00000000fa200000,0x00000000fd080000)
 ParOldGen       total 187904K, used 128013K [0x0000000082600000, 0x000000008dd80000, 0x00000000d6200000)
  object space 187904K, 68% used [0x0000000082600000,0x000000008a303508,0x000000008dd80000)
 Metaspace       used 81340K, capacity 82706K, committed 82904K, reserved 1124352K
  class space    used 7767K, capacity 8066K, committed 8192K, reserved 1048576K
}
Event: 38.507 GC heap before
{Heap before GC invocations=39 (full 4):
 PSYoungGen      total 635392K, used 619760K [0x00000000d6200000, 0x00000000fff00000, 0x0000000100000000)
  eden space 589824K, 100% used [0x00000000d6200000,0x00000000fa200000,0x00000000fa200000)
  from space 45568K, 65% used [0x00000000fd280000,0x00000000fefbc2c0,0x00000000fff00000)
  to   space 47616K, 0% used [0x00000000fa200000,0x00000000fa200000,0x00000000fd080000)
 ParOldGen       total 187904K, used 128013K [0x0000000082600000, 0x000000008dd80000, 0x00000000d6200000)
  object space 187904K, 68% used [0x0000000082600000,0x000000008a303508,0x000000008dd80000)
 Metaspace       used 90691K, capacity 92544K, committed 92760K, reserved 1134592K
  class space    used 8170K, capacity 8559K, committed 8576K, reserved 1048576K
Event: 38.525 GC heap after
Heap after GC invocations=39 (full 4):
 PSYoungGen      total 628736K, used 38596K [0x00000000d6200000, 0x0000000100000000, 0x0000000100000000)
  eden space 589824K, 0% used [0x00000000d6200000,0x00000000d6200000,0x00000000fa200000)
  from space 38912K, 99% used [0x00000000fa200000,0x00000000fc7b1088,0x00000000fc800000)
  to   space 51712K, 0% used [0x00000000fcd80000,0x00000000fcd80000,0x0000000100000000)
 ParOldGen       total 187904K, used 128021K [0x0000000082600000, 0x000000008dd80000, 0x00000000d6200000)
  object space 187904K, 68% used [0x0000000082600000,0x000000008a305508,0x000000008dd80000)
 Metaspace       used 90691K, capacity 92544K, committed 92760K, reserved 1134592K
  class space    used 8170K, capacity 8559K, committed 8576K, reserved 1048576K
}
Event: 39.211 GC heap before
{Heap before GC invocations=40 (full 4):
 PSYoungGen      total 628736K, used 261676K [0x00000000d6200000, 0x0000000100000000, 0x0000000100000000)
  eden space 589824K, 37% used [0x00000000d6200000,0x00000000e3bda158,0x00000000fa200000)
  from space 38912K, 99% used [0x00000000fa200000,0x00000000fc7b1088,0x00000000fc800000)
  to   space 51712K, 0% used [0x00000000fcd80000,0x00000000fcd80000,0x0000000100000000)
 ParOldGen       total 187904K, used 128021K [0x0000000082600000, 0x000000008dd80000, 0x00000000d6200000)
  object space 187904K, 68% used [0x0000000082600000,0x000000008a305508,0x000000008dd80000)
 Metaspace       used 94520K, capacity 96504K, committed 96600K, reserved 1136640K
  class space    used 8345K, capacity 8771K, committed 8832K, reserved 1048576K
Event: 39.227 GC heap after
Heap after GC invocations=40 (full 4):
 PSYoungGen      total 625152K, used 42828K [0x00000000d6200000, 0x0000000100000000, 0x0000000100000000)
  eden space 573440K, 0% used [0x00000000d6200000,0x00000000d6200000,0x00000000f9200000)
  from space 51712K, 82% used [0x00000000fcd80000,0x00000000ff753010,0x0000000100000000)
  to   space 56320K, 0% used [0x00000000f9200000,0x00000000f9200000,0x00000000fc900000)
 ParOldGen       total 187904K, used 128029K [0x0000000082600000, 0x000000008dd80000, 0x00000000d6200000)
  object space 187904K, 68% used [0x0000000082600000,0x000000008a307508,0x000000008dd80000)
 Metaspace       used 94520K, capacity 96504K, committed 96600K, reserved 1136640K
  class space    used 8345K, capacity 8771K, committed 8832K, reserved 1048576K
}
Event: 39.227 GC heap before
{Heap before GC invocations=41 (full 5):
 PSYoungGen      total 625152K, used 42828K [0x00000000d6200000, 0x0000000100000000, 0x0000000100000000)
  eden space 573440K, 0% used [0x00000000d6200000,0x00000000d6200000,0x00000000f9200000)
  from space 51712K, 82% used [0x00000000fcd80000,0x00000000ff753010,0x0000000100000000)
  to   space 56320K, 0% used [0x00000000f9200000,0x00000000f9200000,0x00000000fc900000)
 ParOldGen       total 187904K, used 128029K [0x0000000082600000, 0x000000008dd80000, 0x00000000d6200000)
  object space 187904K, 68% used [0x0000000082600000,0x000000008a307508,0x000000008dd80000)
 Metaspace       used 94520K, capacity 96504K, committed 96600K, reserved 1136640K
  class space    used 8345K, capacity 8771K, committed 8832K, reserved 1048576K
Event: 39.427 GC heap after
Heap after GC invocations=41 (full 5):
 PSYoungGen      total 625152K, used 0K [0x00000000d6200000, 0x0000000100000000, 0x0000000100000000)
  eden space 573440K, 0% used [0x00000000d6200000,0x00000000d6200000,0x00000000f9200000)
  from space 51712K, 0% used [0x00000000fcd80000,0x00000000fcd80000,0x0000000100000000)
  to   space 56320K, 0% used [0x00000000f9200000,0x00000000f9200000,0x00000000fc900000)
 ParOldGen       total 260608K, used 160603K [0x0000000082600000, 0x0000000092480000, 0x00000000d6200000)
  object space 260608K, 61% used [0x0000000082600000,0x000000008c2d6c08,0x0000000092480000)
 Metaspace       used 94520K, capacity 96504K, committed 96600K, reserved 1136640K
  class space    used 8345K, capacity 8771K, committed 8832K, reserved 1048576K
}
Event: 54.473 GC heap before
{Heap before GC invocations=42 (full 5):
 PSYoungGen      total 625152K, used 573440K [0x00000000d6200000, 0x0000000100000000, 0x0000000100000000)
  eden space 573440K, 100% used [0x00000000d6200000,0x00000000f9200000,0x00000000f9200000)
  from space 51712K, 0% used [0x00000000fcd80000,0x00000000fcd80000,0x0000000100000000)
  to   space 56320K, 0% used [0x00000000f9200000,0x00000000f9200000,0x00000000fc900000)
 ParOldGen       total 260608K, used 160603K [0x0000000082600000, 0x0000000092480000, 0x00000000d6200000)
  object space 260608K, 61% used [0x0000000082600000,0x000000008c2d6c08,0x0000000092480000)
 Metaspace       used 112463K, capacity 114878K, committed 115288K, reserved 1155072K
  class space    used 9744K, capacity 10245K, committed 10368K, reserved 1048576K
Event: 54.494 GC heap after
Heap after GC invocations=42 (full 5):
 PSYoungGen      total 629760K, used 24169K [0x00000000d6200000, 0x00000000ffe80000, 0x0000000100000000)
  eden space 573440K, 0% used [0x00000000d6200000,0x00000000d6200000,0x00000000f9200000)
  from space 56320K, 42% used [0x00000000f9200000,0x00000000fa99a710,0x00000000fc900000)
  to   space 53248K, 0% used [0x00000000fca80000,0x00000000fca80000,0x00000000ffe80000)
 ParOldGen       total 260608K, used 160611K [0x0000000082600000, 0x0000000092480000, 0x00000000d6200000)
  object space 260608K, 61% used [0x0000000082600000,0x000000008c2d8c08,0x0000000092480000)
 Metaspace       used 112463K, capacity 114878K, committed 115288K, reserved 1155072K
  class space    used 9744K, capacity 10245K, committed 10368K, reserved 1048576K
}

