# JRE version: Java(TM) SE Runtime Environment (8.0_181-b13) (build 1.8.0_181-b13)
# Java VM: Java HotSpot(TM) 64-Bit Server VM (25.181-b13 mixed mode windows-amd64 compressed oops)
Heap:
 PSYoungGen      total 624128K, used 197715K [0x00000000d6200000, 0x0000000100000000, 0x0000000100000000)
  eden space 568320K, 27% used [0x00000000d6200000,0x00000000dfb13750,0x00000000f8d00000)
  from space 55808K, 73% used [0x00000000f8d00000,0x00000000fb501830,0x00000000fc380000)
  to   space 59392K, 0% used [0x00000000fc600000,0x00000000fc600000,0x0000000100000000)
 ParOldGen       total 287744K, used 151326K [0x0000000082600000, 0x0000000093f00000, 0x00000000d6200000)
  object space 287744K, 52% used [0x0000000082600000,0x000000008b9c7830,0x0000000093f00000)
 Metaspace       used 116817K, capacity 121434K, committed 121580K, reserved 1159168K
  class space    used 10748K, capacity 11473K, committed 11500K, reserved 1048576K
GC Heap History (10 events):
Event: 24.535 GC heap before
{Heap before GC invocations=25 (full 3):
 PSYoungGen      total 614400K, used 570525K [0x00000000d6200000, 0x00000000ffc80000, 0x0000000100000000)
  eden space 548352K, 100% used [0x00000000d6200000,0x00000000f7980000,0x00000000f7980000)
  from space 66048K, 33% used [0x00000000f7980000,0x00000000f8f27518,0x00000000fba00000)
  to   space 62976K, 0% used [0x00000000fbf00000,0x00000000fbf00000,0x00000000ffc80000)
 ParOldGen       total 204800K, used 118133K [0x0000000082600000, 0x000000008ee00000, 0x00000000d6200000)
  object space 204800K, 57% used [0x0000000082600000,0x000000008995d4e8,0x000000008ee00000)
 Metaspace       used 79361K, capacity 80682K, committed 80896K, reserved 1122304K
  class space    used 7805K, capacity 8118K, committed 8192K, reserved 1048576K
Event: 24.551 GC heap after
Heap after GC invocations=25 (full 3):
 PSYoungGen      total 615424K, used 18096K [0x00000000d6200000, 0x00000000ff800000, 0x0000000100000000)
  eden space 557056K, 0% used [0x00000000d6200000,0x00000000d6200000,0x00000000f8200000)
  from space 58368K, 31% used [0x00000000fbf00000,0x00000000fd0ac138,0x00000000ff800000)
  to   space 60416K, 0% used [0x00000000f8200000,0x00000000f8200000,0x00000000fbd00000)
 ParOldGen       total 204800K, used 139450K [0x0000000082600000, 0x000000008ee00000, 0x00000000d6200000)
  object space 204800K, 68% used [0x0000000082600000,0x000000008ae2ea48,0x000000008ee00000)
 Metaspace       used 79361K, capacity 80682K, committed 80896K, reserved 1122304K
  class space    used 7805K, capacity 8118K, committed 8192K, reserved 1048576K
}
Event: 26.539 GC heap before
{Heap before GC invocations=26 (full 3):
 PSYoungGen      total 615424K, used 301838K [0x00000000d6200000, 0x00000000ff800000, 0x0000000100000000)
  eden space 557056K, 50% used [0x00000000d6200000,0x00000000e7717870,0x00000000f8200000)
  from space 58368K, 31% used [0x00000000fbf00000,0x00000000fd0ac138,0x00000000ff800000)
  to   space 60416K, 0% used [0x00000000f8200000,0x00000000f8200000,0x00000000fbd00000)
 ParOldGen       total 204800K, used 139450K [0x0000000082600000, 0x000000008ee00000, 0x00000000d6200000)
  object space 204800K, 68% used [0x0000000082600000,0x000000008ae2ea48,0x000000008ee00000)
 Metaspace       used 86664K, capacity 88192K, committed 88300K, reserved 1128448K
  class space    used 8258K, capacity 8581K, committed 8684K, reserved 1048576K
Event: 26.554 GC heap after
Heap after GC invocations=26 (full 3):
 PSYoungGen      total 617472K, used 24965K [0x00000000d6200000, 0x00000000ffb00000, 0x0000000100000000)
  eden space 557056K, 0% used [0x00000000d6200000,0x00000000d6200000,0x00000000f8200000)
  from space 60416K, 41% used [0x00000000f8200000,0x00000000f9a615c8,0x00000000fbd00000)
  to   space 56832K, 0% used [0x00000000fc380000,0x00000000fc380000,0x00000000ffb00000)
 ParOldGen       total 204800K, used 139458K [0x0000000082600000, 0x000000008ee00000, 0x00000000d6200000)
  object space 204800K, 68% used [0x0000000082600000,0x000000008ae30a48,0x000000008ee00000)
 Metaspace       used 86664K, capacity 88192K, committed 88300K, reserved 1128448K
  class space    used 8258K, capacity 8581K, committed 8684K, reserved 1048576K
}
Event: 26.554 GC heap before
{Heap before GC invocations=27 (full 4):
 PSYoungGen      total 617472K, used 24965K [0x00000000d6200000, 0x00000000ffb00000, 0x0000000100000000)
  eden space 557056K, 0% used [0x00000000d6200000,0x00000000d6200000,0x00000000f8200000)
  from space 60416K, 41% used [0x00000000f8200000,0x00000000f9a615c8,0x00000000fbd00000)
  to   space 56832K, 0% used [0x00000000fc380000,0x00000000fc380000,0x00000000ffb00000)
 ParOldGen       total 204800K, used 139458K [0x0000000082600000, 0x000000008ee00000, 0x00000000d6200000)
  object space 204800K, 68% used [0x0000000082600000,0x000000008ae30a48,0x000000008ee00000)
 Metaspace       used 86664K, capacity 88192K, committed 88300K, reserved 1128448K
  class space    used 8258K, capacity 8581K, committed 8684K, reserved 1048576K
Event: 26.836 GC heap after
Heap after GC invocations=27 (full 4):
 PSYoungGen      total 617472K, used 0K [0x00000000d6200000, 0x00000000ffb00000, 0x0000000100000000)
  eden space 557056K, 0% used [0x00000000d6200000,0x00000000d6200000,0x00000000f8200000)
  from space 60416K, 0% used [0x00000000f8200000,0x00000000f8200000,0x00000000fbd00000)
  to   space 56832K, 0% used [0x00000000fc380000,0x00000000fc380000,0x00000000ffb00000)
 ParOldGen       total 287744K, used 151318K [0x0000000082600000, 0x0000000093f00000, 0x00000000d6200000)
  object space 287744K, 52% used [0x0000000082600000,0x000000008b9c5830,0x0000000093f00000)
 Metaspace       used 86656K, capacity 88180K, committed 88300K, reserved 1128448K
  class space    used 8257K, capacity 8579K, committed 8684K, reserved 1048576K
}
Event: 29.473 GC heap before
{Heap before GC invocations=28 (full 4):
 PSYoungGen      total 617472K, used 557056K [0x00000000d6200000, 0x00000000ffb00000, 0x0000000100000000)
  eden space 557056K, 100% used [0x00000000d6200000,0x00000000f8200000,0x00000000f8200000)
  from space 60416K, 0% used [0x00000000f8200000,0x00000000f8200000,0x00000000fbd00000)
  to   space 56832K, 0% used [0x00000000fc380000,0x00000000fc380000,0x00000000ffb00000)
 ParOldGen       total 287744K, used 151318K [0x0000000082600000, 0x0000000093f00000, 0x00000000d6200000)
  object space 287744K, 52% used [0x0000000082600000,0x000000008b9c5830,0x0000000093f00000)
 Metaspace       used 95922K, capacity 97924K, committed 98156K, reserved 1138688K
  class space    used 8646K, capacity 9067K, committed 9068K, reserved 1048576K
Event: 29.479 GC heap after
Heap after GC invocations=28 (full 4):
 PSYoungGen      total 624640K, used 11422K [0x00000000d6200000, 0x00000000ffa80000, 0x0000000100000000)
  eden space 568320K, 0% used [0x00000000d6200000,0x00000000d6200000,0x00000000f8d00000)
  from space 56320K, 20% used [0x00000000fc380000,0x00000000fcea7b80,0x00000000ffa80000)
  to   space 55808K, 0% used [0x00000000f8d00000,0x00000000f8d00000,0x00000000fc380000)
 ParOldGen       total 287744K, used 151318K [0x0000000082600000, 0x0000000093f00000, 0x00000000d6200000)
  object space 287744K, 52% used [0x0000000082600000,0x000000008b9c5830,0x0000000093f00000)
 Metaspace       used 95922K, capacity 97924K, committed 98156K, reserved 1138688K
  class space    used 8646K, capacity 9067K, committed 9068K, reserved 1048576K
}
Event: 1022.580 GC heap before
{Heap before GC invocations=29 (full 4):
 PSYoungGen      total 624640K, used 579742K [0x00000000d6200000, 0x00000000ffa80000, 0x0000000100000000)
  eden space 568320K, 100% used [0x00000000d6200000,0x00000000f8d00000,0x00000000f8d00000)
  from space 56320K, 20% used [0x00000000fc380000,0x00000000fcea7b80,0x00000000ffa80000)
  to   space 55808K, 0% used [0x00000000f8d00000,0x00000000f8d00000,0x00000000fc380000)
 ParOldGen       total 287744K, used 151318K [0x0000000082600000, 0x0000000093f00000, 0x00000000d6200000)
  object space 287744K, 52% used [0x0000000082600000,0x000000008b9c5830,0x0000000093f00000)
 Metaspace       used 114310K, capacity 117754K, committed 117996K, reserved 1157120K
  class space    used 10518K, capacity 11121K, committed 11244K, reserved 1048576K
Event: 1022.633 GC heap after
Heap after GC invocations=29 (full 4):
 PSYoungGen      total 624128K, used 40966K [0x00000000d6200000, 0x0000000100000000, 0x0000000100000000)
  eden space 568320K, 0% used [0x00000000d6200000,0x00000000d6200000,0x00000000f8d00000)
  from space 55808K, 73% used [0x00000000f8d00000,0x00000000fb501830,0x00000000fc380000)
  to   space 59392K, 0% used [0x00000000fc600000,0x00000000fc600000,0x0000000100000000)
 ParOldGen       total 287744K, used 151326K [0x0000000082600000, 0x0000000093f00000, 0x00000000d6200000)
  object space 287744K, 52% used [0x0000000082600000,0x000000008b9c7830,0x0000000093f00000)
 Metaspace       used 114310K, capacity 117754K, committed 117996K, reserved 1157120K
  class space    used 10518K, capacity 11121K, committed 11244K, reserved 1048576K
}

